INFO:root:Started
INFO:root:Connecting localhost 4212
INFO:root:Exception getting current video info from VLC:
[WinError 10061] No connection could be made because the target machine actively refused it
INFO:root:tick: as far as the app knows nothing playing (this can happen before vlc is queried), calling advance_queue, it'll add a video to the queue if req
INFO:root:Trying to play queue order > -1
INFO:root:Playing next file in queue: 'On Your Mind' | Kaskade | Official Video - LDIoxgnl-ho
INFO:root:play_now: clearing VLC playlist and adding "'On Your Mind' | Kaskade | Official Video - LDIoxgnl-ho" to it's queue
INFO:root:Connecting localhost 4212
INFO:root:Connecting localhost 4212
INFO:root:Connecting localhost 4212
ERROR:app:Exception on /_tick [GET]
Traceback (most recent call last):
  File "C:\Users\twelvedogs\AppData\Local\Programs\Python\Python37-32\lib\site-packages\flask\app.py", line 2447, in wsgi_app
    response = self.full_dispatch_request()
  File "C:\Users\twelvedogs\AppData\Local\Programs\Python\Python37-32\lib\site-packages\flask\app.py", line 1952, in full_dispatch_request
    rv = self.handle_user_exception(e)
  File "C:\Users\twelvedogs\AppData\Local\Programs\Python\Python37-32\lib\site-packages\flask\app.py", line 1821, in handle_user_exception
    reraise(exc_type, exc_value, tb)
  File "C:\Users\twelvedogs\AppData\Local\Programs\Python\Python37-32\lib\site-packages\flask\_compat.py", line 39, in reraise
    raise value
  File "C:\Users\twelvedogs\AppData\Local\Programs\Python\Python37-32\lib\site-packages\flask\app.py", line 1950, in full_dispatch_request
    rv = self.dispatch_request()
  File "C:\Users\twelvedogs\AppData\Local\Programs\Python\Python37-32\lib\site-packages\flask\app.py", line 1936, in dispatch_request
    return self.view_functions[rule.endpoint](**req.view_args)
  File "F:\code\music_pump\app.py", line 74, in tick
    vlc.tick()
  File "F:\code\music_pump\vlc.py", line 97, in tick
    self.advance_queue()
  File "F:\code\music_pump\vlc.py", line 83, in advance_queue
    self.play_now(v)
  File "F:\code\music_pump\vlc.py", line 138, in play_now
    telnet_command('clear')
  File "F:\code\music_pump\vlc.py", line 27, in telnet_command
    telnet_connect()
  File "F:\code\music_pump\vlc.py", line 18, in telnet_connect
    tn = telnetlib.Telnet(cfg.host, cfg.port) # default telnet: 23
  File "C:\Users\twelvedogs\AppData\Local\Programs\Python\Python37-32\lib\telnetlib.py", line 218, in __init__
    self.open(host, port, timeout)
  File "C:\Users\twelvedogs\AppData\Local\Programs\Python\Python37-32\lib\telnetlib.py", line 234, in open
    self.sock = socket.create_connection((host, port), timeout)
  File "C:\Users\twelvedogs\AppData\Local\Programs\Python\Python37-32\lib\socket.py", line 727, in create_connection
    raise err
  File "C:\Users\twelvedogs\AppData\Local\Programs\Python\Python37-32\lib\socket.py", line 716, in create_connection
    sock.connect(sa)
ConnectionRefusedError: [WinError 10061] No connection could be made because the target machine actively refused it
INFO:root:Exception getting current video info from VLC:
[WinError 10061] No connection could be made because the target machine actively refused it
INFO:root:Exception getting current video info from VLC:
[WinError 10061] No connection could be made because the target machine actively refused it
INFO:root:tick: as far as the app knows nothing playing (this can happen before vlc is queried), calling advance_queue, it'll add a video to the queue if req
INFO:root:Trying to play queue order > 51
INFO:root:Playing next file in queue: Pillar Point - Dove [OFFICIAL MUSIC VIDEO] - BU6dAAfg-qk.webm
INFO:root:play_now: clearing VLC playlist and adding "Pillar Point - Dove [OFFICIAL MUSIC VIDEO] - BU6dAAfg-qk.webm" to it's queue
INFO:root:Connecting localhost 4212
INFO:root:telnet: get_title returned empty string, probably no current song playing
INFO:root:tick: as far as the app knows nothing playing (this can happen before vlc is queried), calling advance_queue, it'll add a video to the queue if req
INFO:root:Trying to play queue order > 52
INFO:root:Playing next file in queue: Beastie Boys - Body Movin' - uvRBUw_Ls2o.mkv
INFO:root:play_now: clearing VLC playlist and adding "Beastie Boys - Body Movin' - uvRBUw_Ls2o.mkv" to it's queue
INFO:root:telnet: get_title returned empty string, probably no current song playing
INFO:root:tick: as far as the app knows nothing playing (this can happen before vlc is queried), calling advance_queue, it'll add a video to the queue if req
INFO:root:Trying to play queue order > 53
INFO:root:Playing next file in queue: Elderbrook – Old Friend - ugS6OiwQ3WU.mkv
INFO:root:tick: as far as the app knows nothing playing (this can happen before vlc is queried), calling advance_queue, it'll add a video to the queue if req
INFO:root:Trying to play queue order > 54
INFO:root:Playing next file in queue: Miike Snow - Paddling Out - WCNQ2mc_Zzc.mkv
INFO:root:Exception getting current video info from VLC:
'NoneType' object has no attribute 'filename'
INFO:root:tick: as far as the app knows nothing playing (this can happen before vlc is queried), calling advance_queue, it'll add a video to the queue if req
INFO:root:Trying to play queue order > 55
INFO:root:Playing next file in queue: Beastie Boys - Body Movin' - uvRBUw_Ls2o.mkv
INFO:root:play_now: clearing VLC playlist and adding "Beastie Boys - Body Movin' - uvRBUw_Ls2o.mkv" to it's queue
INFO:root:vlc's currently playing filename 'Beastie Boys - Body Movin' - uvRBUw_Ls2o.mkv' unchanged
INFO:root:vlc's currently playing filename 'Beastie Boys - Body Movin' - uvRBUw_Ls2o.mkv' unchanged
INFO:root:vlc's currently playing filename 'Beastie Boys - Body Movin' - uvRBUw_Ls2o.mkv' unchanged
INFO:root:vlc's currently playing filename 'Beastie Boys - Body Movin' - uvRBUw_Ls2o.mkv' unchanged
INFO:root:vlc's currently playing filename 'Beastie Boys - Body Movin' - uvRBUw_Ls2o.mkv' unchanged
INFO:root:vlc's currently playing filename 'Beastie Boys - Body Movin' - uvRBUw_Ls2o.mkv' unchanged
INFO:root:vlc's currently playing filename 'Beastie Boys - Body Movin' - uvRBUw_Ls2o.mkv' unchanged
INFO:root:vlc's currently playing filename 'Beastie Boys - Body Movin' - uvRBUw_Ls2o.mkv' unchanged
INFO:root:vlc's currently playing filename 'Beastie Boys - Body Movin' - uvRBUw_Ls2o.mkv' unchanged
INFO:root:vlc's currently playing filename 'Beastie Boys - Body Movin' - uvRBUw_Ls2o.mkv' unchanged
